1.100: C0 arrives [ ]
1.100: C0 deposit (at S0) begins
1.200: C1 arrives [ ]
1.200: C1 joins queue [ ]
1.300: C2 arrives [ C1 ]
1.300: C2 joins queue [ C1 ]
1.400: C3 arrives [ C1 C2 ]
1.400: C3 joins queue [ C1 C2 ]
3.100: C0 deposit (at S0) ends
3.100: C0 departs
3.100: C1 deposit (at S0) begins
4.000: C4 arrives [ C2 C3 ]
4.000: C4 joins queue [ C2 C3 ]
5.000: C5 arrives [ C2 C3 C4 ]
5.000: C5 departs
5.100: C1 deposit (at S0) ends
5.100: C1 departs
5.100: C2 withdrawal (at S0) begins
7.100: C2 withdrawal (at S0) ends
7.100: C2 departs
7.100: C3 withdrawal (at S0) begins
9.100: C3 withdrawal (at S0) ends
9.100: C3 departs
9.100: C4 withdrawal (at S0) begins
11.100: C4 withdrawal (at S0) ends
11.100: C4 departs
