1.100: C0 arrives [ ]
1.100: C0 deposit $1 (at S0 $100 [ ]) begins
1.200: C1 arrives [ ]
1.200: C1 joins bank queue [ ]
1.300: C2 arrives [ C1 ]
1.300: C2 joins bank queue [ C1 ]
1.400: C3 arrives [ C1 C2 ]
1.400: C3 departs
3.100: C0 deposit $1 (at S0 $101 [ ]) ends: success
3.100: C0 departs
3.100: C1 deposit $7 (at S0 $101 [ ]) begins
4.000: C4 arrives [ C2 ]
4.000: C4 joins bank queue [ C2 ]
5.000: C5 arrives [ C2 C4 ]
5.000: C5 departs
5.100: C1 deposit $7 (at S0 $108 [ ]) ends: success
5.100: C1 departs
5.100: C2 withdrawal $83 (at S0 $108 [ ]) begins
7.100: C2 withdrawal $83 (at S0 $25 [ ]) ends: success
7.100: C2 departs
7.100: C4 withdrawal $102 (at S0 $25 [ ]) begins
9.100: C4 withdrawal $102 (at S0 $25 [ ]) ends: fail
9.100: C4 departs
