1.000: C0 arrives [ ]
1.000: C0 deposit $13 (at S0 $100 [ ]) begins
1.200: C1 arrives [ ]
1.200: C1 withdrawal $23 (at S1 $100 [ ]) begins
1.400: C2 arrives [ ]
1.400: C2 joins bank queue [ ]
1.600: C3 arrives [ C2 ]
1.600: C3 departs
2.000: C0 deposit $13 (at S0 $113 [ ]) ends: success
2.000: C0 departs
2.000: C2 withdrawal $31 (at S0 $113 [ ]) begins
2.100: C4 arrives [ ]
2.100: C4 joins bank queue [ ]
2.200: C1 withdrawal $23 (at S1 $77 [ ]) ends: success
2.200: C1 departs
2.200: C4 deposit $47 (at S1 $77 [ ]) begins
3.000: C2 withdrawal $31 (at S0 $82 [ ]) ends: success
3.000: C2 departs
3.200: C4 deposit $47 (at S1 $124 [ ]) ends: success
3.200: C4 departs
